TN:
SF:src/env/index.ts
FNF:0
FNH:0
DA:1,1
DA:2,1
DA:3,1
DA:4,1
DA:5,1
DA:6,1
DA:7,1
DA:8,1
DA:9,1
DA:10,1
DA:11,1
DA:12,1
DA:13,1
DA:14,1
DA:15,0
DA:16,0
DA:17,0
DA:18,1
DA:19,1
DA:20,1
LF:20
LH:17
BRDA:14,0,0,0
BRF:1
BRH:0
end_of_record
TN:
SF:src/libs/primsa.ts
FNF:0
FNH:0
DA:1,1
DA:2,1
DA:3,1
LF:3
LH:3
BRF:0
BRH:0
end_of_record
TN:
SF:src/repositories/prisma/invoice.ts
FN:8,create
FNF:1
FNH:0
FNDA:0,create
DA:1,1
DA:2,1
DA:3,1
DA:4,1
DA:5,1
DA:6,1
DA:7,1
DA:8,1
DA:9,0
DA:10,0
DA:11,0
DA:12,0
DA:13,0
DA:14,1
LF:14
LH:9
BRF:0
BRH:0
end_of_record
TN:
SF:src/repositories/prisma/user.ts
FN:8,create
FN:13,findEmail
FN:25,getById
FNF:3
FNH:0
FNDA:0,create
FNDA:0,findEmail
FNDA:0,getById
DA:1,1
DA:2,1
DA:3,1
DA:4,1
DA:5,1
DA:6,1
DA:7,1
DA:8,1
DA:9,0
DA:10,0
DA:11,0
DA:12,1
DA:13,1
DA:14,0
DA:15,0
DA:16,0
DA:17,0
DA:18,0
DA:19,0
DA:20,0
DA:21,0
DA:22,0
DA:23,0
DA:24,1
DA:25,1
DA:26,0
DA:27,0
DA:28,0
DA:29,0
DA:30,0
DA:31,0
DA:32,0
DA:33,0
DA:34,0
DA:35,1
LF:35
LH:13
BRF:0
BRH:0
end_of_record
TN:
SF:src/services/invoices/registerInvoice/index.ts
FN:7,<instance_members_initializer>
FN:13,RegisterInvoice
FN:19,execute
FNF:3
FNH:3
FNDA:7,<instance_members_initializer>
FNDA:7,RegisterInvoice
FNDA:7,execute
DA:1,1
DA:2,1
DA:3,1
DA:4,1
DA:5,1
DA:6,1
DA:7,1
DA:8,7
DA:9,7
DA:10,7
DA:11,7
DA:12,7
DA:13,7
DA:14,7
DA:15,7
DA:16,7
DA:17,7
DA:18,7
DA:19,7
DA:20,7
DA:21,7
DA:22,7
DA:23,7
DA:24,1
DA:25,1
DA:26,6
DA:27,6
DA:28,6
DA:29,6
DA:30,6
DA:31,6
DA:32,7
DA:33,1
DA:34,1
DA:35,5
DA:36,5
DA:37,7
DA:38,1
DA:39,1
DA:40,4
DA:41,4
DA:42,4
DA:43,4
DA:44,4
DA:45,4
DA:46,1
DA:47,7
DA:48,1
DA:49,1
DA:50,3
DA:51,3
DA:52,3
DA:53,3
DA:54,3
DA:55,3
DA:56,7
DA:57,1
DA:58,1
DA:59,2
DA:60,2
DA:61,2
DA:62,2
DA:63,2
DA:64,7
DA:65,1
DA:66,1
DA:67,1
DA:68,1
DA:69,1
DA:70,1
DA:71,1
DA:72,1
DA:73,1
DA:74,1
DA:75,1
DA:76,1
DA:77,1
DA:78,1
DA:79,1
DA:80,1
DA:81,1
DA:82,1
DA:83,1
DA:84,1
DA:85,1
DA:86,1
DA:87,7
LF:87
LH:87
BRDA:7,0,0,7
BRDA:13,1,0,7
BRDA:19,2,0,7
BRDA:23,3,0,1
BRDA:26,4,0,6
BRDA:32,5,0,1
BRDA:35,6,0,5
BRDA:37,7,0,1
BRDA:40,8,0,4
BRDA:45,9,0,1
BRDA:47,10,0,1
BRDA:50,11,0,3
BRDA:56,12,0,1
BRDA:59,13,0,2
BRDA:64,14,0,1
BRDA:29,15,0,8
BRDA:53,16,0,7
BRF:17
BRH:17
end_of_record
TN:
SF:src/services/users/authenticateUser/index.ts
FN:7,<instance_members_initializer>
FN:9,AuthenticateUser
FN:14,execute
FNF:3
FNH:3
FNDA:3,<instance_members_initializer>
FNDA:3,AuthenticateUser
FNDA:3,execute
DA:1,1
DA:2,1
DA:3,1
DA:4,1
DA:5,1
DA:6,1
DA:7,1
DA:8,3
DA:9,3
DA:10,3
DA:11,3
DA:12,3
DA:13,3
DA:14,3
DA:15,3
DA:16,3
DA:17,3
DA:18,3
DA:19,1
DA:20,1
DA:21,2
DA:22,2
DA:23,2
DA:24,2
DA:25,3
DA:26,1
DA:27,1
DA:28,1
DA:29,1
DA:30,1
DA:31,1
DA:32,1
DA:33,1
DA:34,1
DA:35,1
DA:36,1
DA:37,1
DA:38,1
DA:39,1
DA:40,1
DA:41,1
DA:42,1
DA:43,1
DA:44,3
LF:44
LH:44
BRDA:7,0,0,3
BRDA:9,1,0,3
BRDA:14,2,0,3
BRDA:18,3,0,1
BRDA:21,4,0,2
BRDA:25,5,0,1
BRF:6
BRH:6
end_of_record
TN:
SF:src/services/users/getUserById/index.ts
FN:4,<instance_members_initializer>
FN:6,GetUserById
FN:11,execute
FNF:3
FNH:3
FNDA:2,<instance_members_initializer>
FNDA:2,GetUserById
FNDA:2,execute
DA:1,1
DA:2,1
DA:3,1
DA:4,1
DA:5,2
DA:6,2
DA:7,2
DA:8,2
DA:9,2
DA:10,2
DA:11,2
DA:12,2
DA:13,2
DA:14,2
DA:15,2
DA:16,1
DA:17,1
DA:18,1
DA:19,1
DA:20,1
DA:21,1
DA:22,1
DA:23,1
DA:24,1
DA:25,1
DA:26,1
DA:27,1
DA:28,1
DA:29,1
DA:30,2
LF:30
LH:30
BRDA:4,0,0,2
BRDA:6,1,0,2
BRDA:11,2,0,2
BRDA:15,3,0,1
BRF:4
BRH:4
end_of_record
TN:
SF:src/services/users/registerUser/index.ts
FN:7,<instance_members_initializer>
FN:9,RegisterUsers
FN:14,execute
FNF:3
FNH:3
FNDA:5,<instance_members_initializer>
FNDA:5,RegisterUsers
FNDA:6,execute
DA:1,1
DA:2,1
DA:3,1
DA:4,1
DA:5,1
DA:6,1
DA:7,1
DA:8,5
DA:9,5
DA:10,5
DA:11,5
DA:12,5
DA:13,5
DA:14,5
DA:15,6
DA:16,6
DA:17,6
DA:18,6
DA:19,1
DA:20,1
DA:21,5
DA:22,6
DA:23,2
DA:24,2
DA:25,3
DA:26,6
DA:27,1
DA:28,1
DA:29,2
DA:30,6
DA:31,1
DA:32,1
DA:33,1
DA:34,1
DA:35,1
DA:36,1
DA:37,1
DA:38,1
DA:39,1
DA:40,1
DA:41,1
DA:42,1
DA:43,1
DA:44,1
DA:45,1
DA:46,1
DA:47,1
DA:48,1
DA:49,1
DA:50,1
DA:51,1
DA:52,5
LF:52
LH:52
BRDA:7,0,0,5
BRDA:9,1,0,5
BRDA:14,2,0,6
BRDA:18,3,0,1
BRDA:21,4,0,5
BRDA:22,5,0,4
BRDA:22,6,0,2
BRDA:25,7,0,3
BRDA:26,8,0,1
BRDA:29,9,0,2
BRDA:30,10,0,1
BRF:11
BRH:11
end_of_record
TN:
SF:src/utils/getDateNow.ts
FNF:0
FNH:0
DA:1,1
LF:1
LH:1
BRF:0
BRH:0
end_of_record
